# JRE version: OpenJDK Runtime Environment Microsoft-8035246 (17.0.8+7) (build 17.0.8+7-LTS)
# Java VM: OpenJDK 64-Bit Server VM Microsoft-8035246 (17.0.8+7-LTS, mixed mode, sharing, tiered, compressed oops, compressed class ptrs, g1 gc, windows-amd64)
GC Precious Log:
 CPUs: 8 total, 8 available
 Memory: 32466M
 Large Page Support: Disabled
 NUMA Support: Disabled
 Compressed Oops: Enabled (32-bit)
 Heap Region Size: 1M
 Heap Min Capacity: 8M
 Heap Initial Capacity: 508M
 Heap Max Capacity: 2G
 Pre-touch: Disabled
 Parallel Workers: 8
 Concurrent Workers: 2
 Concurrent Refinement Workers: 8
 Periodic GC: Disabled
Heap:
 garbage-first heap   total 301056K, used 176812K [0x0000000080000000, 0x0000000100000000)
  region size 1024K, 8 young (8192K), 7 survivors (7168K)
 Metaspace       used 98168K, committed 99136K, reserved 557056K
  class space    used 13766K, committed 14272K, reserved 425984K
GC Heap History (20 events):
Event: 17.934 GC heap before
{Heap before GC invocations=16 (full 0):
 garbage-first heap   total 81920K, used 46783K [0x0000000080000000, 0x0000000100000000)
  region size 1024K, 6 young (6144K), 2 survivors (2048K)
 Metaspace       used 46526K, committed 47104K, reserved 491520K
  class space    used 6570K, committed 6848K, reserved 425984K
}
Event: 17.938 GC heap after
{Heap after GC invocations=17 (full 0):
 garbage-first heap   total 301056K, used 44370K [0x0000000080000000, 0x0000000100000000)
  region size 1024K, 3 young (3072K), 3 survivors (3072K)
 Metaspace       used 46526K, committed 47104K, reserved 491520K
  class space    used 6570K, committed 6848K, reserved 425984K
}
Event: 21.418 GC heap before
{Heap before GC invocations=17 (full 0):
 garbage-first heap   total 301056K, used 226642K [0x0000000080000000, 0x0000000100000000)
  region size 1024K, 173 young (177152K), 3 survivors (3072K)
 Metaspace       used 61477K, committed 62144K, reserved 491520K
  class space    used 8703K, committed 9024K, reserved 425984K
}
Event: 21.428 GC heap after
{Heap after GC invocations=18 (full 0):
 garbage-first heap   total 301056K, used 62039K [0x0000000080000000, 0x0000000100000000)
  region size 1024K, 12 young (12288K), 12 survivors (12288K)
 Metaspace       used 61477K, committed 62144K, reserved 491520K
  class space    used 8703K, committed 9024K, reserved 425984K
}
Event: 24.365 GC heap before
{Heap before GC invocations=18 (full 0):
 garbage-first heap   total 301056K, used 239191K [0x0000000080000000, 0x0000000100000000)
  region size 1024K, 175 young (179200K), 12 survivors (12288K)
 Metaspace       used 72042K, committed 72768K, reserved 491520K
  class space    used 10062K, committed 10432K, reserved 425984K
}
Event: 24.381 GC heap after
{Heap after GC invocations=19 (full 0):
 garbage-first heap   total 301056K, used 83134K [0x0000000080000000, 0x0000000100000000)
  region size 1024K, 22 young (22528K), 22 survivors (22528K)
 Metaspace       used 72042K, committed 72768K, reserved 491520K
  class space    used 10062K, committed 10432K, reserved 425984K
}
Event: 27.820 GC heap before
{Heap before GC invocations=19 (full 0):
 garbage-first heap   total 301056K, used 201918K [0x0000000080000000, 0x0000000100000000)
  region size 1024K, 139 young (142336K), 22 survivors (22528K)
 Metaspace       used 77647K, committed 78400K, reserved 557056K
  class space    used 10821K, committed 11200K, reserved 425984K
}
Event: 27.833 GC heap after
{Heap after GC invocations=20 (full 0):
 garbage-first heap   total 301056K, used 91570K [0x0000000080000000, 0x0000000100000000)
  region size 1024K, 9 young (9216K), 9 survivors (9216K)
 Metaspace       used 77647K, committed 78400K, reserved 557056K
  class space    used 10821K, committed 11200K, reserved 425984K
}
Event: 29.335 GC heap before
{Heap before GC invocations=21 (full 0):
 garbage-first heap   total 301056K, used 234930K [0x0000000080000000, 0x0000000100000000)
  region size 1024K, 148 young (151552K), 9 survivors (9216K)
 Metaspace       used 86140K, committed 86976K, reserved 557056K
  class space    used 12164K, committed 12544K, reserved 425984K
}
Event: 29.345 GC heap after
{Heap after GC invocations=22 (full 0):
 garbage-first heap   total 301056K, used 98051K [0x0000000080000000, 0x0000000100000000)
  region size 1024K, 15 young (15360K), 15 survivors (15360K)
 Metaspace       used 86140K, committed 86976K, reserved 557056K
  class space    used 12164K, committed 12544K, reserved 425984K
}
Event: 32.061 GC heap before
{Heap before GC invocations=22 (full 0):
 garbage-first heap   total 301056K, used 251651K [0x0000000080000000, 0x0000000100000000)
  region size 1024K, 152 young (155648K), 15 survivors (15360K)
 Metaspace       used 88705K, committed 89664K, reserved 557056K
  class space    used 12489K, committed 12928K, reserved 425984K
}
Event: 32.082 GC heap after
{Heap after GC invocations=23 (full 0):
 garbage-first heap   total 301056K, used 140125K [0x0000000080000000, 0x0000000100000000)
  region size 1024K, 19 young (19456K), 19 survivors (19456K)
 Metaspace       used 88705K, committed 89664K, reserved 557056K
  class space    used 12489K, committed 12928K, reserved 425984K
}
Event: 33.496 GC heap before
{Heap before GC invocations=23 (full 0):
 garbage-first heap   total 301056K, used 238429K [0x0000000080000000, 0x0000000100000000)
  region size 1024K, 113 young (115712K), 19 survivors (19456K)
 Metaspace       used 94779K, committed 95808K, reserved 557056K
  class space    used 13324K, committed 13824K, reserved 425984K
}
Event: 33.509 GC heap after
{Heap after GC invocations=24 (full 0):
 garbage-first heap   total 301056K, used 155270K [0x0000000080000000, 0x0000000100000000)
  region size 1024K, 12 young (12288K), 12 survivors (12288K)
 Metaspace       used 94779K, committed 95808K, reserved 557056K
  class space    used 13324K, committed 13824K, reserved 425984K
}
Event: 34.772 GC heap before
{Heap before GC invocations=24 (full 0):
 garbage-first heap   total 301056K, used 240262K [0x0000000080000000, 0x0000000100000000)
  region size 1024K, 95 young (97280K), 12 survivors (12288K)
 Metaspace       used 96631K, committed 97536K, reserved 557056K
  class space    used 13541K, committed 14016K, reserved 425984K
}
Event: 34.784 GC heap after
{Heap after GC invocations=25 (full 0):
 garbage-first heap   total 301056K, used 164948K [0x0000000080000000, 0x0000000100000000)
  region size 1024K, 10 young (10240K), 10 survivors (10240K)
 Metaspace       used 96631K, committed 97536K, reserved 557056K
  class space    used 13541K, committed 14016K, reserved 425984K
}
Event: 36.105 GC heap before
{Heap before GC invocations=26 (full 0):
 garbage-first heap   total 301056K, used 242772K [0x0000000080000000, 0x0000000100000000)
  region size 1024K, 87 young (89088K), 10 survivors (10240K)
 Metaspace       used 97861K, committed 98880K, reserved 557056K
  class space    used 13711K, committed 14208K, reserved 425984K
}
Event: 36.119 GC heap after
{Heap after GC invocations=27 (full 0):
 garbage-first heap   total 301056K, used 171030K [0x0000000080000000, 0x0000000100000000)
  region size 1024K, 6 young (6144K), 6 survivors (6144K)
 Metaspace       used 97861K, committed 98880K, reserved 557056K
  class space    used 13711K, committed 14208K, reserved 425984K
}
Event: 36.232 GC heap before
{Heap before GC invocations=27 (full 0):
 garbage-first heap   total 301056K, used 179222K [0x0000000080000000, 0x0000000100000000)
  region size 1024K, 14 young (14336K), 6 survivors (6144K)
 Metaspace       used 97894K, committed 98880K, reserved 557056K
  class space    used 13711K, committed 14208K, reserved 425984K
}
Event: 36.241 GC heap after
{Heap after GC invocations=28 (full 0):
 garbage-first heap   total 301056K, used 170506K [0x0000000080000000, 0x0000000100000000)
  region size 1024K, 1 young (1024K), 1 survivors (1024K)
 Metaspace       used 97894K, committed 98880K, reserved 557056K
  class space    used 13711K, committed 14208K, reserved 425984K
}

